<?xml version="1.0" encoding="UTF-8"?>
<!-- Generated by org.testng.reporters.JUnitReportReporter -->
<testsuite skipped="0" hostname="ShAmIm" name="test.addCustomerTest" tests="1" failures="0" timestamp="2021-02-04T20:05:08 CST" time="23.048" errors="0">
  <testcase name="validUserShouldBeAbleToAddCustomer" time="23.048" classname="test.addCustomerTest"/>
  <system-out/>
</testsuite> <!-- test.addCustomerTest -->
