<?xml version="1.0" encoding="UTF-8"?>
<!-- Generated by org.testng.reporters.JUnitReportReporter -->
<testsuite hostname="ShAmIm" name="test.loginTest" tests="1" failures="0" timestamp="31 Jan 2021 03:24:40 GMT" time="13.041" errors="0">
  <testcase name="userLogInScenario" time="13.041" classname="test.loginTest"/>
</testsuite> <!-- test.loginTest -->
